2020-06-17T10:26:19.310153697+08:00 - log level info test message
2020-06-17T10:26:19.310267525+08:00 - log level warn test message
2020-06-17T10:26:19.310366740+08:00 - log level error test message
%d{ERROR: expected '}'}%d{ERROR: expected '}'}%d{ERROR: expected '}'}%d{ERROR: expected '}'}%d{ERROR: expected '}'}%d{ERROR: expected '}'}[2020-06-17T10:38:33.895823881+08:00][INFO]common::log_util{ERROR: unknown formatter `p`}:log level info test message
[2020-06-17T10:38:33.895953286+08:00][WARN]common::log_util{ERROR: unknown formatter `p`}:log level warn test message
[2020-06-17T10:38:33.896129029+08:00][ERROR]common::log_util{ERROR: unknown formatter `p`}:log level error test message
[2020-06-17T10:39:39.668938450+08:00][INFO]common::log_util:log level info test message
[2020-06-17T10:39:39.669070675+08:00][WARN]common::log_util:log level warn test message
[2020-06-17T10:39:39.669254201+08:00][ERROR]common::log_util:log level error test message
[2020-06-17 10:48:59][INFO][I]common::log_utilcommon/src/log_util.rscommon::log_util:log level info test message
[2020-06-17 10:48:59][WARN][I]common::log_utilcommon/src/log_util.rscommon::log_util:log level warn test message
[2020-06-17 10:48:59][ERROR][I]common::log_utilcommon/src/log_util.rscommon::log_util:log level error test message
[2020-06-17 10:50:30] [INFO] [I] [common::log_util] [common/src/log_util.rs] [common::log_util]:log level info test message
[2020-06-17 10:50:30] [WARN] [I] [common::log_util] [common/src/log_util.rs] [common::log_util]:log level warn test message
[2020-06-17 10:50:30] [ERROR] [I] [common::log_util] [common/src/log_util.rs] [common::log_util]:log level error test message
[2020-06-17 10:52:05] [INFO] [140300112283392] [common::log_util] [common/src/log_util.rs] [common::log_util]:log level info test message
[2020-06-17 10:52:05] [WARN] [140300112283392] [common::log_util] [common/src/log_util.rs] [common::log_util]:log level warn test message
[2020-06-17 10:52:05] [ERROR] [140300112283392] [common::log_util] [common/src/log_util.rs] [common::log_util]:log level error test message
[2020-06-17 10:53:02] [INFO] [thread:140304625907456] [common::log_util] [common/src/log_util.rs] [common::log_util]:log level info test message
[2020-06-17 10:53:02] [WARN] [thread:140304625907456] [common::log_util] [common/src/log_util.rs] [common::log_util]:log level warn test message
[2020-06-17 10:53:02] [ERROR] [thread:140304625907456] [common::log_util] [common/src/log_util.rs] [common::log_util]:log level error test message
[2020-06-17 10:56:09] [INFO] [thread:139743261353728] [common::log_util] [common/src/log_util.rs] [common::log_util]:log level info test message
[2020-06-17 10:56:09] [WARN] [thread:139743261353728] [common::log_util] [common/src/log_util.rs] [common::log_util]:log level warn test message
[2020-06-17 10:56:09] [ERROR] [thread:139743261353728] [common::log_util] [common/src/log_util.rs] [common::log_util]:log level error test message
[2020-06-17 10:56:53] [INFO] [thread:140094685341440] [common::log_util] [common/src/log_util.rs] [common::log_util]:log level info test message
[2020-06-17 10:56:53] [WARN] [thread:140094685341440] [common::log_util] [common/src/log_util.rs] [common::log_util]:log level warn test message
[2020-06-17 10:56:53] [ERROR] [thread:140094685341440] [common::log_util] [common/src/log_util.rs] [common::log_util]:log level error test message
[2020-06-17 11:22:38] [INFO] [thread:139867679454976] [common::log_util] [common/src/log_util.rs] [common::log_util]:log level info test message
[2020-06-17 11:22:38] [WARN] [thread:139867679454976] [common::log_util] [common/src/log_util.rs] [common::log_util]:log level warn test message
[2020-06-17 11:22:38] [ERROR] [thread:139867679454976] [common::log_util] [common/src/log_util.rs] [common::log_util]:log level error test message
